flex version 2.5.35 Apple(flex-31) usage statistics:
  scanner options: -bdpsvI8 -Cem -oyylex.cc
  279/2000 NFA states
  118/1000 DFA states (605 words)
  50 rules
  Compressed tables always back-up
  1/40 start conditions
  147 epsilon states, 72 double epsilon states
  22/100 character classes needed 299/500 words of storage, 0 reused
  1985 state/nextstate pairs created
  297/1688 unique/duplicate transitions
  131/1000 base-def entries created
  258/2000 (peak 712) nxt-chk entries created
  104/2500 (peak 637) template nxt-chk entries created
  0 empty table entries
  14 protos created
  13 templates created, 77 uses
  49/256 equivalence classes created
  8/256 meta-equivalence classes created
  3 (5 saved) hash collisions, 182 DFAs equal
  0 sets of reallocations needed
  1083 total table entries needed
